2022-03-31 08:16:14.530  INFO 6284 --- [main] h.t.b.h.HardwareAppApplication           : Starting HardwareAppApplication using Java 17.0.1 on DESKTOP-BEMQGGH with PID 6284 (C:\Users\Korisnik\Desktop\3 godina\Web aplikacije u Javi\labosi\projekt\target\classes started by Korisnik in C:\Users\Korisnik\Desktop\3 godina\Web aplikacije u Javi\labosi\projekt)
2022-03-31 08:16:14.530  INFO 6284 --- [main] h.t.b.h.HardwareAppApplication           : No active profile set, falling back to 1 default profile: "default"
2022-03-31 08:16:16.665  INFO 6284 --- [main] o.s.b.w.embedded.tomcat.TomcatWebServer  : Tomcat initialized with port(s): 8080 (http)
2022-03-31 08:16:16.681  INFO 6284 --- [main] o.apache.catalina.core.StandardService   : Starting service [Tomcat]
2022-03-31 08:16:16.681  INFO 6284 --- [main] org.apache.catalina.core.StandardEngine  : Starting Servlet engine: [Apache Tomcat/9.0.58]
2022-03-31 08:16:16.796  INFO 6284 --- [main] o.a.c.c.C.[Tomcat].[localhost].[/]       : Initializing Spring embedded WebApplicationContext
2022-03-31 08:16:16.796  INFO 6284 --- [main] w.s.c.ServletWebServerApplicationContext : Root WebApplicationContext: initialization completed in 2165 ms
2022-03-31 08:16:17.385 DEBUG 6284 --- [main] s.w.s.m.m.a.RequestMappingHandlerAdapter : ControllerAdvice beans: 0 @ModelAttribute, 0 @InitBinder, 1 RequestBodyAdvice, 1 ResponseBodyAdvice
2022-03-31 08:16:17.467 DEBUG 6284 --- [main] s.w.s.m.m.a.RequestMappingHandlerMapping : 7 mappings in 'requestMappingHandlerMapping'
2022-03-31 08:16:17.498 DEBUG 6284 --- [main] o.s.w.s.handler.SimpleUrlHandlerMapping  : Patterns [/webjars/**, /**] in 'resourceHandlerMapping'
2022-03-31 08:16:17.514 DEBUG 6284 --- [main] .m.m.a.ExceptionHandlerExceptionResolver : ControllerAdvice beans: 0 @ExceptionHandler, 1 ResponseBodyAdvice
2022-03-31 08:16:17.699  INFO 6284 --- [main] o.s.b.a.e.web.EndpointLinksResolver      : Exposing 1 endpoint(s) beneath base path '/actuator'
2022-03-31 08:16:17.814  INFO 6284 --- [main] o.s.b.w.embedded.tomcat.TomcatWebServer  : Tomcat started on port(s): 8080 (http) with context path ''
2022-03-31 08:16:17.837  INFO 6284 --- [main] h.t.b.h.HardwareAppApplication           : Started HardwareAppApplication in 4.099 seconds (JVM running for 8.264)
2022-03-31 08:16:25.333  INFO 6284 --- [http-nio-8080-exec-2] o.a.c.c.C.[Tomcat].[localhost].[/]       : Initializing Spring DispatcherServlet 'dispatcherServlet'
2022-03-31 08:16:25.334  INFO 6284 --- [http-nio-8080-exec-2] o.s.web.servlet.DispatcherServlet        : Initializing Servlet 'dispatcherServlet'
2022-03-31 08:16:25.335 DEBUG 6284 --- [http-nio-8080-exec-2] o.s.web.servlet.DispatcherServlet        : Detected StandardServletMultipartResolver
2022-03-31 08:16:25.335 DEBUG 6284 --- [http-nio-8080-exec-2] o.s.web.servlet.DispatcherServlet        : Detected AcceptHeaderLocaleResolver
2022-03-31 08:16:25.335 DEBUG 6284 --- [http-nio-8080-exec-2] o.s.web.servlet.DispatcherServlet        : Detected FixedThemeResolver
2022-03-31 08:16:25.336 DEBUG 6284 --- [http-nio-8080-exec-2] o.s.web.servlet.DispatcherServlet        : Detected org.springframework.web.servlet.view.DefaultRequestToViewNameTranslator@37345ebe
2022-03-31 08:16:25.339 DEBUG 6284 --- [http-nio-8080-exec-2] o.s.web.servlet.DispatcherServlet        : Detected org.springframework.web.servlet.support.SessionFlashMapManager@1add0cad
2022-03-31 08:16:25.339 DEBUG 6284 --- [http-nio-8080-exec-2] o.s.web.servlet.DispatcherServlet        : enableLoggingRequestDetails='false': request parameters and headers will be masked to prevent unsafe logging of potentially sensitive data
2022-03-31 08:16:25.339  INFO 6284 --- [http-nio-8080-exec-2] o.s.web.servlet.DispatcherServlet        : Completed initialization in 5 ms
2022-03-31 08:16:25.357 DEBUG 6284 --- [http-nio-8080-exec-2] o.s.web.servlet.DispatcherServlet        : GET "/hardware/385-C-P-U", parameters={}
2022-03-31 08:16:25.366 DEBUG 6284 --- [http-nio-8080-exec-2] s.w.s.m.m.a.RequestMappingHandlerMapping : Mapped to hr.tvz.bekavac.hardwareapp.controller.HardwareController#getByCode(String)
2022-03-31 08:16:25.389  INFO 6284 --- [http-nio-8080-exec-2] h.t.b.h.impl.HardwareRepositoryImpl      : Finding hardware with code '385-C-P-U' 
2022-03-31 08:16:25.442 DEBUG 6284 --- [http-nio-8080-exec-2] o.s.w.s.m.m.a.HttpEntityMethodProcessor  : Using 'application/json', given [*/*] and supported [application/json, application/*+json, application/json, application/*+json]
2022-03-31 08:16:25.443 DEBUG 6284 --- [http-nio-8080-exec-2] o.s.w.s.m.m.a.HttpEntityMethodProcessor  : Writing [hr.tvz.bekavac.hardwareapp.dto.HardwareDTO@4661b2fd]
2022-03-31 08:16:25.465 DEBUG 6284 --- [http-nio-8080-exec-2] o.s.web.servlet.DispatcherServlet        : Completed 200 OK
2022-03-31 08:16:25.498  INFO 6284 --- [http-nio-8080-exec-2] h.t.b.h.f.SpringActuatorConfiguration    : {"timestamp":1648707385.352153600,"principal":null,"session":null,"request":{"method":"GET","uri":"http://localhost:8080/hardware/385-C-P-U","headers":{"postman-token":["7ea23274-654a-4eb2-9bd0-15776a5289f7"],"host":["localhost:8080"],"connection":["keep-alive"],"accept-encoding":["gzip, deflate, br"],"user-agent":["PostmanRuntime/7.29.0"],"accept":["*/*"]},"remoteAddress":null},"response":{"status":200,"headers":{"Transfer-Encoding":["chunked"],"Keep-Alive":["timeout=60"],"Connection":["keep-alive"],"Date":["Thu, 31 Mar 2022 06:16:25 GMT"],"Content-Type":["application/json"]}},"timeTaken":118}
2022-03-31 08:16:26.478 DEBUG 6284 --- [http-nio-8080-exec-4] o.s.web.servlet.DispatcherServlet        : GET "/hardware/385-C-P-U", parameters={}
2022-03-31 08:16:26.480 DEBUG 6284 --- [http-nio-8080-exec-4] s.w.s.m.m.a.RequestMappingHandlerMapping : Mapped to hr.tvz.bekavac.hardwareapp.controller.HardwareController#getByCode(String)
2022-03-31 08:16:26.481  INFO 6284 --- [http-nio-8080-exec-4] h.t.b.h.impl.HardwareRepositoryImpl      : Finding hardware with code '385-C-P-U' 
2022-03-31 08:16:26.482 DEBUG 6284 --- [http-nio-8080-exec-4] o.s.w.s.m.m.a.HttpEntityMethodProcessor  : Using 'application/json', given [*/*] and supported [application/json, application/*+json, application/json, application/*+json]
2022-03-31 08:16:26.482 DEBUG 6284 --- [http-nio-8080-exec-4] o.s.w.s.m.m.a.HttpEntityMethodProcessor  : Writing [hr.tvz.bekavac.hardwareapp.dto.HardwareDTO@48c30aa0]
2022-03-31 08:16:26.484 DEBUG 6284 --- [http-nio-8080-exec-4] o.s.web.servlet.DispatcherServlet        : Completed 200 OK
2022-03-31 08:16:26.485  INFO 6284 --- [http-nio-8080-exec-4] h.t.b.h.f.SpringActuatorConfiguration    : {"timestamp":1648707386.478799700,"principal":null,"session":null,"request":{"method":"GET","uri":"http://localhost:8080/hardware/385-C-P-U","headers":{"postman-token":["fe7c8c62-d4b1-4632-856b-90dd7e89735d"],"host":["localhost:8080"],"connection":["keep-alive"],"accept-encoding":["gzip, deflate, br"],"user-agent":["PostmanRuntime/7.29.0"],"accept":["*/*"]},"remoteAddress":null},"response":{"status":200,"headers":{"Transfer-Encoding":["chunked"],"Keep-Alive":["timeout=60"],"Connection":["keep-alive"],"Date":["Thu, 31 Mar 2022 06:16:26 GMT"],"Content-Type":["application/json"]}},"timeTaken":6}
2022-03-31 08:24:43.508  INFO 14240 --- [main] h.t.b.h.HardwareAppApplication           : Starting HardwareAppApplication using Java 17.0.1 on DESKTOP-BEMQGGH with PID 14240 (C:\Users\Korisnik\Desktop\3 godina\Web aplikacije u Javi\labosi\projekt\target\classes started by Korisnik in C:\Users\Korisnik\Desktop\3 godina\Web aplikacije u Javi\labosi\projekt)
2022-03-31 08:24:43.513  INFO 14240 --- [main] h.t.b.h.HardwareAppApplication           : No active profile set, falling back to 1 default profile: "default"
2022-03-31 08:24:45.298  INFO 14240 --- [main] o.s.b.w.embedded.tomcat.TomcatWebServer  : Tomcat initialized with port(s): 8080 (http)
2022-03-31 08:24:45.307  INFO 14240 --- [main] o.apache.catalina.core.StandardService   : Starting service [Tomcat]
2022-03-31 08:24:45.307  INFO 14240 --- [main] org.apache.catalina.core.StandardEngine  : Starting Servlet engine: [Apache Tomcat/9.0.58]
2022-03-31 08:24:45.431  INFO 14240 --- [main] o.a.c.c.C.[Tomcat].[localhost].[/]       : Initializing Spring embedded WebApplicationContext
2022-03-31 08:24:45.431  INFO 14240 --- [main] w.s.c.ServletWebServerApplicationContext : Root WebApplicationContext: initialization completed in 1785 ms
2022-03-31 08:24:45.916 DEBUG 14240 --- [main] s.w.s.m.m.a.RequestMappingHandlerAdapter : ControllerAdvice beans: 0 @ModelAttribute, 0 @InitBinder, 1 RequestBodyAdvice, 1 ResponseBodyAdvice
2022-03-31 08:24:45.980 DEBUG 14240 --- [main] s.w.s.m.m.a.RequestMappingHandlerMapping : 7 mappings in 'requestMappingHandlerMapping'
2022-03-31 08:24:46.013 DEBUG 14240 --- [main] o.s.w.s.handler.SimpleUrlHandlerMapping  : Patterns [/webjars/**, /**] in 'resourceHandlerMapping'
2022-03-31 08:24:46.037 DEBUG 14240 --- [main] .m.m.a.ExceptionHandlerExceptionResolver : ControllerAdvice beans: 0 @ExceptionHandler, 1 ResponseBodyAdvice
2022-03-31 08:24:46.309  INFO 14240 --- [main] o.s.b.a.e.web.EndpointLinksResolver      : Exposing 16 endpoint(s) beneath base path '/actuator'
2022-03-31 08:24:46.400  INFO 14240 --- [main] o.s.b.w.embedded.tomcat.TomcatWebServer  : Tomcat started on port(s): 8080 (http) with context path ''
2022-03-31 08:24:46.423  INFO 14240 --- [main] h.t.b.h.HardwareAppApplication           : Started HardwareAppApplication in 3.787 seconds (JVM running for 5.067)
2022-03-31 08:25:18.072  INFO 14240 --- [http-nio-8080-exec-1] o.a.c.c.C.[Tomcat].[localhost].[/]       : Initializing Spring DispatcherServlet 'dispatcherServlet'
2022-03-31 08:25:18.073  INFO 14240 --- [http-nio-8080-exec-1] o.s.web.servlet.DispatcherServlet        : Initializing Servlet 'dispatcherServlet'
2022-03-31 08:25:18.076 DEBUG 14240 --- [http-nio-8080-exec-1] o.s.web.servlet.DispatcherServlet        : Detected StandardServletMultipartResolver
2022-03-31 08:25:18.076 DEBUG 14240 --- [http-nio-8080-exec-1] o.s.web.servlet.DispatcherServlet        : Detected AcceptHeaderLocaleResolver
2022-03-31 08:25:18.076 DEBUG 14240 --- [http-nio-8080-exec-1] o.s.web.servlet.DispatcherServlet        : Detected FixedThemeResolver
2022-03-31 08:25:18.077 DEBUG 14240 --- [http-nio-8080-exec-1] o.s.web.servlet.DispatcherServlet        : Detected org.springframework.web.servlet.view.DefaultRequestToViewNameTranslator@60b2ccf3
2022-03-31 08:25:18.078 DEBUG 14240 --- [http-nio-8080-exec-1] o.s.web.servlet.DispatcherServlet        : Detected org.springframework.web.servlet.support.SessionFlashMapManager@63af4c04
2022-03-31 08:25:18.078 DEBUG 14240 --- [http-nio-8080-exec-1] o.s.web.servlet.DispatcherServlet        : enableLoggingRequestDetails='false': request parameters and headers will be masked to prevent unsafe logging of potentially sensitive data
2022-03-31 08:25:18.078  INFO 14240 --- [http-nio-8080-exec-1] o.s.web.servlet.DispatcherServlet        : Completed initialization in 3 ms
2022-03-31 08:25:18.093 DEBUG 14240 --- [http-nio-8080-exec-1] o.s.web.servlet.DispatcherServlet        : GET "/hardware/385-C-P-U", parameters={}
2022-03-31 08:25:18.101 DEBUG 14240 --- [http-nio-8080-exec-1] s.w.s.m.m.a.RequestMappingHandlerMapping : Mapped to hr.tvz.bekavac.hardwareapp.controller.HardwareController#getByCode(String)
2022-03-31 08:25:18.120  INFO 14240 --- [http-nio-8080-exec-1] h.t.b.h.impl.HardwareRepositoryImpl      : Finding hardware with code '385-C-P-U' 
2022-03-31 08:25:18.163 DEBUG 14240 --- [http-nio-8080-exec-1] o.s.w.s.m.m.a.HttpEntityMethodProcessor  : Using 'application/json', given [*/*] and supported [application/json, application/*+json, application/json, application/*+json]
2022-03-31 08:25:18.163 DEBUG 14240 --- [http-nio-8080-exec-1] o.s.w.s.m.m.a.HttpEntityMethodProcessor  : Writing [hr.tvz.bekavac.hardwareapp.dto.HardwareDTO@2703a76b]
2022-03-31 08:25:18.181 DEBUG 14240 --- [http-nio-8080-exec-1] o.s.web.servlet.DispatcherServlet        : Completed 200 OK
2022-03-31 08:25:18.205  INFO 14240 --- [http-nio-8080-exec-1] h.t.b.h.f.SpringActuatorConfiguration    : {"timestamp":1648707918.088745900,"principal":null,"session":null,"request":{"method":"GET","uri":"http://localhost:8080/hardware/385-C-P-U","headers":{"postman-token":["0c95b6ca-d91d-4c14-95a9-8a1ac79394ae"],"host":["localhost:8080"],"connection":["keep-alive"],"accept-encoding":["gzip, deflate, br"],"user-agent":["PostmanRuntime/7.29.0"],"accept":["*/*"]},"remoteAddress":null},"response":{"status":200,"headers":{"Transfer-Encoding":["chunked"],"Keep-Alive":["timeout=60"],"Connection":["keep-alive"],"Date":["Thu, 31 Mar 2022 06:25:18 GMT"],"Content-Type":["application/json"]}},"timeTaken":95}
2022-03-31 08:25:37.142 DEBUG 14240 --- [http-nio-8080-exec-3] o.s.web.servlet.DispatcherServlet        : GET "/hardware/httptrace", parameters={}
2022-03-31 08:25:37.144 DEBUG 14240 --- [http-nio-8080-exec-3] s.w.s.m.m.a.RequestMappingHandlerMapping : Mapped to hr.tvz.bekavac.hardwareapp.controller.HardwareController#getByCode(String)
2022-03-31 08:25:37.145  INFO 14240 --- [http-nio-8080-exec-3] h.t.b.h.impl.HardwareRepositoryImpl      : Finding hardware with code 'httptrace' 
2022-03-31 08:25:37.146 DEBUG 14240 --- [http-nio-8080-exec-3] o.s.w.s.m.m.a.HttpEntityMethodProcessor  : Using 'application/json', given [*/*] and supported [application/json, application/*+json, application/json, application/*+json]
2022-03-31 08:25:37.146 DEBUG 14240 --- [http-nio-8080-exec-3] o.s.w.s.m.m.a.HttpEntityMethodProcessor  : Nothing to write: null body
2022-03-31 08:25:37.146 DEBUG 14240 --- [http-nio-8080-exec-3] o.s.web.servlet.DispatcherServlet        : Completed 204 NO_CONTENT
2022-03-31 08:25:37.147  INFO 14240 --- [http-nio-8080-exec-3] h.t.b.h.f.SpringActuatorConfiguration    : {"timestamp":1648707937.142823600,"principal":null,"session":null,"request":{"method":"GET","uri":"http://localhost:8080/hardware/httptrace","headers":{"postman-token":["f48919a4-e6eb-4d9e-96b2-acf4424ec737"],"host":["localhost:8080"],"connection":["keep-alive"],"accept-encoding":["gzip, deflate, br"],"user-agent":["PostmanRuntime/7.29.0"],"accept":["*/*"]},"remoteAddress":null},"response":{"status":204,"headers":{}},"timeTaken":4}
2022-03-31 08:25:48.825 DEBUG 14240 --- [http-nio-8080-exec-4] o.s.web.servlet.DispatcherServlet        : GET "/hardware/385-C-P-U", parameters={}
2022-03-31 08:25:48.828 DEBUG 14240 --- [http-nio-8080-exec-4] s.w.s.m.m.a.RequestMappingHandlerMapping : Mapped to hr.tvz.bekavac.hardwareapp.controller.HardwareController#getByCode(String)
2022-03-31 08:25:48.829  INFO 14240 --- [http-nio-8080-exec-4] h.t.b.h.impl.HardwareRepositoryImpl      : Finding hardware with code '385-C-P-U' 
2022-03-31 08:25:48.830 DEBUG 14240 --- [http-nio-8080-exec-4] o.s.w.s.m.m.a.HttpEntityMethodProcessor  : Using 'application/json', given [*/*] and supported [application/json, application/*+json, application/json, application/*+json]
2022-03-31 08:25:48.831 DEBUG 14240 --- [http-nio-8080-exec-4] o.s.w.s.m.m.a.HttpEntityMethodProcessor  : Writing [hr.tvz.bekavac.hardwareapp.dto.HardwareDTO@af688ae]
2022-03-31 08:25:48.832 DEBUG 14240 --- [http-nio-8080-exec-4] o.s.web.servlet.DispatcherServlet        : Completed 200 OK
2022-03-31 08:25:48.833  INFO 14240 --- [http-nio-8080-exec-4] h.t.b.h.f.SpringActuatorConfiguration    : {"timestamp":1648707948.825299000,"principal":null,"session":null,"request":{"method":"GET","uri":"http://localhost:8080/hardware/385-C-P-U","headers":{"postman-token":["ad5038ae-fc43-46a1-9d7f-e6678673de54"],"host":["localhost:8080"],"connection":["keep-alive"],"accept-encoding":["gzip, deflate, br"],"user-agent":["PostmanRuntime/7.29.0"],"accept":["*/*"]},"remoteAddress":null},"response":{"status":200,"headers":{"Transfer-Encoding":["chunked"],"Keep-Alive":["timeout=60"],"Connection":["keep-alive"],"Date":["Thu, 31 Mar 2022 06:25:48 GMT"],"Content-Type":["application/json"]}},"timeTaken":7}
2022-03-31 08:25:52.279 DEBUG 14240 --- [http-nio-8080-exec-5] o.s.web.servlet.DispatcherServlet        : POST "/hardware/addItem", parameters={}
2022-03-31 08:25:52.281 DEBUG 14240 --- [http-nio-8080-exec-5] s.w.s.m.m.a.RequestMappingHandlerMapping : Mapped to hr.tvz.bekavac.hardwareapp.controller.HardwareController#addHardware(HardwareCommand)
2022-03-31 08:25:52.336 DEBUG 14240 --- [http-nio-8080-exec-5] m.m.a.RequestResponseBodyMethodProcessor : Read "application/json;charset=UTF-8" to [hr.tvz.bekavac.hardwareapp.request.HardwareCommand@4af4cde8]
2022-03-31 08:25:52.410  INFO 14240 --- [http-nio-8080-exec-5] h.t.b.h.impl.HardwareRepositoryImpl      : Adding hardware to list
2022-03-31 08:25:52.411 DEBUG 14240 --- [http-nio-8080-exec-5] o.s.w.s.m.m.a.HttpEntityMethodProcessor  : Using 'application/json', given [*/*] and supported [application/json, application/*+json, application/json, application/*+json]
2022-03-31 08:25:52.411 DEBUG 14240 --- [http-nio-8080-exec-5] o.s.w.s.m.m.a.HttpEntityMethodProcessor  : Writing [hr.tvz.bekavac.hardwareapp.dto.HardwareDTO@30a95758]
2022-03-31 08:25:52.412 DEBUG 14240 --- [http-nio-8080-exec-5] o.s.web.servlet.DispatcherServlet        : Completed 201 CREATED
2022-03-31 08:25:52.413  INFO 14240 --- [http-nio-8080-exec-5] h.t.b.h.f.SpringActuatorConfiguration    : {"timestamp":1648707952.279655100,"principal":null,"session":null,"request":{"method":"POST","uri":"http://localhost:8080/hardware/addItem","headers":{"content-length":["119"],"postman-token":["0e849b63-fa0f-4573-9e20-dc55ca6027c1"],"host":["localhost:8080"],"content-type":["application/json"],"connection":["keep-alive"],"accept-encoding":["gzip, deflate, br"],"user-agent":["PostmanRuntime/7.29.0"],"accept":["*/*"]},"remoteAddress":null},"response":{"status":201,"headers":{"Transfer-Encoding":["chunked"],"Keep-Alive":["timeout=60"],"Connection":["keep-alive"],"Date":["Thu, 31 Mar 2022 06:25:52 GMT"],"Content-Type":["application/json"]}},"timeTaken":133}
2022-03-31 08:25:55.819 DEBUG 14240 --- [http-nio-8080-exec-6] o.s.web.servlet.DispatcherServlet        : GET "/hardware/httptrace", parameters={}
2022-03-31 08:25:55.821 DEBUG 14240 --- [http-nio-8080-exec-6] s.w.s.m.m.a.RequestMappingHandlerMapping : Mapped to hr.tvz.bekavac.hardwareapp.controller.HardwareController#getByCode(String)
2022-03-31 08:25:55.822  INFO 14240 --- [http-nio-8080-exec-6] h.t.b.h.impl.HardwareRepositoryImpl      : Finding hardware with code 'httptrace' 
2022-03-31 08:25:55.823 DEBUG 14240 --- [http-nio-8080-exec-6] o.s.w.s.m.m.a.HttpEntityMethodProcessor  : Using 'application/json', given [*/*] and supported [application/json, application/*+json, application/json, application/*+json]
2022-03-31 08:25:55.824 DEBUG 14240 --- [http-nio-8080-exec-6] o.s.w.s.m.m.a.HttpEntityMethodProcessor  : Nothing to write: null body
2022-03-31 08:25:55.824 DEBUG 14240 --- [http-nio-8080-exec-6] o.s.web.servlet.DispatcherServlet        : Completed 204 NO_CONTENT
2022-03-31 08:25:55.825  INFO 14240 --- [http-nio-8080-exec-6] h.t.b.h.f.SpringActuatorConfiguration    : {"timestamp":1648707955.819638900,"principal":null,"session":null,"request":{"method":"GET","uri":"http://localhost:8080/hardware/httptrace","headers":{"postman-token":["6d9c9a3d-033d-4b33-9b55-e9708879f1b9"],"host":["localhost:8080"],"connection":["keep-alive"],"accept-encoding":["gzip, deflate, br"],"user-agent":["PostmanRuntime/7.29.0"],"accept":["*/*"]},"remoteAddress":null},"response":{"status":204,"headers":{}},"timeTaken":5}
