2022-03-31 08:29:20,962 INFO org.springframework.boot.StartupInfoLogger [main] Starting HardwareAppApplication using Java 17.0.1 on DESKTOP-BEMQGGH with PID 4868 (C:\Users\Korisnik\Desktop\3 godina\Web aplikacije u Javi\labosi\projekt\target\classes started by Korisnik in C:\Users\Korisnik\Desktop\3 godina\Web aplikacije u Javi\labosi\projekt)
2022-03-31 08:29:20,966 INFO org.hibernate.validator.internal.util.Version [background-preinit] HV000001: Hibernate Validator 6.2.2.Final
2022-03-31 08:29:20,979 INFO org.springframework.boot.SpringApplication [main] No active profile set, falling back to 1 default profile: "default"
2022-03-31 08:29:22,587 INFO org.springframework.boot.web.embedded.tomcat.TomcatWebServer [main] Tomcat initialized with port(s): 8080 (http)
2022-03-31 08:29:22,598 INFO org.apache.juli.logging.DirectJDKLog [main] Initializing ProtocolHandler ["http-nio-8080"]
2022-03-31 08:29:22,598 INFO org.apache.juli.logging.DirectJDKLog [main] Starting service [Tomcat]
2022-03-31 08:29:22,599 INFO org.apache.juli.logging.DirectJDKLog [main] Starting Servlet engine: [Apache Tomcat/9.0.58]
2022-03-31 08:29:22,688 INFO org.apache.juli.logging.DirectJDKLog [main] Initializing Spring embedded WebApplicationContext
2022-03-31 08:29:22,689 INFO org.springframework.boot.web.servlet.context.ServletWebServerApplicationContext [main] Root WebApplicationContext: initialization completed in 1516 ms
2022-03-31 08:29:23,068 DEBUG org.springframework.web.servlet.mvc.method.annotation.RequestMappingHandlerAdapter [main] ControllerAdvice beans: 0 @ModelAttribute, 0 @InitBinder, 1 RequestBodyAdvice, 1 ResponseBodyAdvice
2022-03-31 08:29:23,145 DEBUG org.springframework.web.servlet.handler.AbstractHandlerMethodMapping [main] 7 mappings in 'requestMappingHandlerMapping'
2022-03-31 08:29:23,181 DEBUG org.springframework.web.servlet.handler.SimpleUrlHandlerMapping [main] Patterns [/webjars/**, /**] in 'resourceHandlerMapping'
2022-03-31 08:29:23,193 DEBUG org.springframework.web.servlet.mvc.method.annotation.ExceptionHandlerExceptionResolver [main] ControllerAdvice beans: 0 @ExceptionHandler, 1 ResponseBodyAdvice
2022-03-31 08:29:23,392 INFO org.springframework.boot.actuate.endpoint.web.EndpointLinksResolver [main] Exposing 1 endpoint(s) beneath base path '/actuator'
2022-03-31 08:29:23,427 INFO org.apache.juli.logging.DirectJDKLog [main] Starting ProtocolHandler ["http-nio-8080"]
2022-03-31 08:29:23,479 INFO org.springframework.boot.web.embedded.tomcat.TomcatWebServer [main] Tomcat started on port(s): 8080 (http) with context path ''
2022-03-31 08:29:23,502 INFO org.springframework.boot.StartupInfoLogger [main] Started HardwareAppApplication in 3.301 seconds (JVM running for 5.659)
2022-03-31 08:29:49,704 INFO org.apache.juli.logging.DirectJDKLog [http-nio-8080-exec-1] Initializing Spring DispatcherServlet 'dispatcherServlet'
2022-03-31 08:29:49,705 INFO org.springframework.web.servlet.FrameworkServlet [http-nio-8080-exec-1] Initializing Servlet 'dispatcherServlet'
2022-03-31 08:29:49,705 DEBUG org.springframework.web.servlet.DispatcherServlet [http-nio-8080-exec-1] Detected StandardServletMultipartResolver
2022-03-31 08:29:49,706 DEBUG org.springframework.web.servlet.DispatcherServlet [http-nio-8080-exec-1] Detected AcceptHeaderLocaleResolver
2022-03-31 08:29:49,707 DEBUG org.springframework.web.servlet.DispatcherServlet [http-nio-8080-exec-1] Detected FixedThemeResolver
2022-03-31 08:29:49,709 DEBUG org.springframework.web.servlet.DispatcherServlet [http-nio-8080-exec-1] Detected org.springframework.web.servlet.view.DefaultRequestToViewNameTranslator@d0df70c
2022-03-31 08:29:49,709 DEBUG org.springframework.web.servlet.DispatcherServlet [http-nio-8080-exec-1] Detected org.springframework.web.servlet.support.SessionFlashMapManager@78f73823
2022-03-31 08:29:49,710 DEBUG org.springframework.web.servlet.FrameworkServlet [http-nio-8080-exec-1] enableLoggingRequestDetails='false': request parameters and headers will be masked to prevent unsafe logging of potentially sensitive data
2022-03-31 08:29:49,710 INFO org.springframework.web.servlet.FrameworkServlet [http-nio-8080-exec-1] Completed initialization in 5 ms
2022-03-31 08:29:49,722 DEBUG org.springframework.core.log.LogFormatUtils [http-nio-8080-exec-1] GET "/hardware/httptrace", parameters={}
2022-03-31 08:29:49,731 DEBUG org.springframework.web.servlet.handler.AbstractHandlerMapping [http-nio-8080-exec-1] Mapped to hr.tvz.bekavac.hardwareapp.controller.HardwareController#getByCode(String)
2022-03-31 08:29:49,750 INFO hr.tvz.bekavac.hardwareapp.impl.HardwareRepositoryImpl [http-nio-8080-exec-1] Finding hardware with code 'httptrace' 
2022-03-31 08:29:49,796 DEBUG org.springframework.web.servlet.mvc.method.annotation.AbstractMessageConverterMethodProcessor [http-nio-8080-exec-1] Using 'application/json', given [*/*] and supported [application/json, application/*+json, application/json, application/*+json]
2022-03-31 08:29:49,796 DEBUG org.springframework.web.servlet.mvc.method.annotation.AbstractMessageConverterMethodProcessor [http-nio-8080-exec-1] Nothing to write: null body
2022-03-31 08:29:49,800 DEBUG org.springframework.web.servlet.FrameworkServlet [http-nio-8080-exec-1] Completed 204 NO_CONTENT
2022-03-31 08:29:49,834 INFO hr.tvz.bekavac.hardwareapp.filter.SpringActuatorConfiguration$1 [http-nio-8080-exec-1] {"timestamp":1648708189.719383100,"principal":null,"session":null,"request":{"method":"GET","uri":"http://localhost:8080/hardware/httptrace","headers":{"postman-token":["c5d8e4da-b33a-4c26-9d5b-e2de72abdc90"],"host":["localhost:8080"],"connection":["keep-alive"],"accept-encoding":["gzip, deflate, br"],"user-agent":["PostmanRuntime/7.29.0"],"accept":["*/*"]},"remoteAddress":null},"response":{"status":204,"headers":{}},"timeTaken":84}
2022-03-31 08:29:50,962 DEBUG org.springframework.core.log.LogFormatUtils [http-nio-8080-exec-3] GET "/hardware/httptrace", parameters={}
2022-03-31 08:29:50,963 DEBUG org.springframework.web.servlet.handler.AbstractHandlerMapping [http-nio-8080-exec-3] Mapped to hr.tvz.bekavac.hardwareapp.controller.HardwareController#getByCode(String)
2022-03-31 08:29:50,964 INFO hr.tvz.bekavac.hardwareapp.impl.HardwareRepositoryImpl [http-nio-8080-exec-3] Finding hardware with code 'httptrace' 
2022-03-31 08:29:50,965 DEBUG org.springframework.web.servlet.mvc.method.annotation.AbstractMessageConverterMethodProcessor [http-nio-8080-exec-3] Using 'application/json', given [*/*] and supported [application/json, application/*+json, application/json, application/*+json]
2022-03-31 08:29:50,965 DEBUG org.springframework.web.servlet.mvc.method.annotation.AbstractMessageConverterMethodProcessor [http-nio-8080-exec-3] Nothing to write: null body
2022-03-31 08:29:50,965 DEBUG org.springframework.web.servlet.FrameworkServlet [http-nio-8080-exec-3] Completed 204 NO_CONTENT
2022-03-31 08:29:50,966 INFO hr.tvz.bekavac.hardwareapp.filter.SpringActuatorConfiguration$1 [http-nio-8080-exec-3] {"timestamp":1648708190.962284300,"principal":null,"session":null,"request":{"method":"GET","uri":"http://localhost:8080/hardware/httptrace","headers":{"postman-token":["49c4dee5-43c7-49f9-959e-71c32f480c51"],"host":["localhost:8080"],"connection":["keep-alive"],"accept-encoding":["gzip, deflate, br"],"user-agent":["PostmanRuntime/7.29.0"],"accept":["*/*"]},"remoteAddress":null},"response":{"status":204,"headers":{}},"timeTaken":4}
2022-03-31 08:29:55,264 DEBUG org.springframework.core.log.LogFormatUtils [http-nio-8080-exec-4] POST "/hardware/addItem", parameters={}
2022-03-31 08:29:55,266 DEBUG org.springframework.web.servlet.handler.AbstractHandlerMapping [http-nio-8080-exec-4] Mapped to hr.tvz.bekavac.hardwareapp.controller.HardwareController#addHardware(HardwareCommand)
2022-03-31 08:29:55,327 DEBUG org.springframework.core.log.LogFormatUtils [http-nio-8080-exec-4] Read "application/json;charset=UTF-8" to [hr.tvz.bekavac.hardwareapp.request.HardwareCommand@69ef1bcd]
2022-03-31 08:29:55,400 INFO hr.tvz.bekavac.hardwareapp.impl.HardwareRepositoryImpl [http-nio-8080-exec-4] Adding hardware to list
2022-03-31 08:29:55,401 DEBUG org.springframework.web.servlet.mvc.method.annotation.AbstractMessageConverterMethodProcessor [http-nio-8080-exec-4] Using 'application/json', given [*/*] and supported [application/json, application/*+json, application/json, application/*+json]
2022-03-31 08:29:55,402 DEBUG org.springframework.core.log.LogFormatUtils [http-nio-8080-exec-4] Writing [hr.tvz.bekavac.hardwareapp.dto.HardwareDTO@2b1be566]
2022-03-31 08:29:55,413 DEBUG org.springframework.web.servlet.FrameworkServlet [http-nio-8080-exec-4] Completed 201 CREATED
2022-03-31 08:29:55,414 INFO hr.tvz.bekavac.hardwareapp.filter.SpringActuatorConfiguration$1 [http-nio-8080-exec-4] {"timestamp":1648708195.264796300,"principal":null,"session":null,"request":{"method":"POST","uri":"http://localhost:8080/hardware/addItem","headers":{"content-length":["119"],"postman-token":["af5c200e-3890-433d-bfe7-0ce468bdd9a8"],"host":["localhost:8080"],"content-type":["application/json"],"connection":["keep-alive"],"accept-encoding":["gzip, deflate, br"],"user-agent":["PostmanRuntime/7.29.0"],"accept":["*/*"]},"remoteAddress":null},"response":{"status":201,"headers":{"Transfer-Encoding":["chunked"],"Keep-Alive":["timeout=60"],"Connection":["keep-alive"],"Date":["Thu, 31 Mar 2022 06:29:55 GMT"],"Content-Type":["application/json"]}},"timeTaken":148}
2022-03-31 08:29:58,312 DEBUG org.springframework.core.log.LogFormatUtils [http-nio-8080-exec-5] GET "/hardware", parameters={}
2022-03-31 08:29:58,313 DEBUG org.springframework.web.servlet.handler.AbstractHandlerMapping [http-nio-8080-exec-5] Mapped to hr.tvz.bekavac.hardwareapp.controller.HardwareController#getAllHardware()
2022-03-31 08:29:58,317 DEBUG org.springframework.web.servlet.mvc.method.annotation.AbstractMessageConverterMethodProcessor [http-nio-8080-exec-5] Using 'application/json', given [*/*] and supported [application/json, application/*+json, application/json, application/*+json]
2022-03-31 08:29:58,317 DEBUG org.springframework.core.log.LogFormatUtils [http-nio-8080-exec-5] Writing [[hr.tvz.bekavac.hardwareapp.dto.HardwareDTO@d5b21d4, hr.tvz.bekavac.hardwareapp.dto.HardwareDTO@780a (truncated)...]
2022-03-31 08:29:58,322 DEBUG org.springframework.web.servlet.FrameworkServlet [http-nio-8080-exec-5] Completed 200 OK
2022-03-31 08:29:58,323 INFO hr.tvz.bekavac.hardwareapp.filter.SpringActuatorConfiguration$1 [http-nio-8080-exec-5] {"timestamp":1648708198.312454800,"principal":null,"session":null,"request":{"method":"GET","uri":"http://localhost:8080/hardware","headers":{"postman-token":["f7bbd0ac-b2a2-4e2b-a7d6-f660bde4f606"],"host":["localhost:8080"],"connection":["keep-alive"],"accept-encoding":["gzip, deflate, br"],"user-agent":["PostmanRuntime/7.29.0"],"accept":["*/*"]},"remoteAddress":null},"response":{"status":200,"headers":{"Transfer-Encoding":["chunked"],"Keep-Alive":["timeout=60"],"Connection":["keep-alive"],"Date":["Thu, 31 Mar 2022 06:29:58 GMT"],"Content-Type":["application/json"]}},"timeTaken":10}
2022-03-31 08:32:59,034 INFO Version [background-preinit] HV000001: Hibernate Validator 6.2.2.Final
2022-03-31 08:32:59,035 INFO StartupInfoLogger [main] Starting HardwareAppApplication using Java 17.0.1 on DESKTOP-BEMQGGH with PID 3048 (C:\Users\Korisnik\Desktop\3 godina\Web aplikacije u Javi\labosi\projekt\target\classes started by Korisnik in C:\Users\Korisnik\Desktop\3 godina\Web aplikacije u Javi\labosi\projekt)
2022-03-31 08:32:59,039 INFO SpringApplication [main] No active profile set, falling back to 1 default profile: "default"
2022-03-31 08:33:00,568 INFO TomcatWebServer [main] Tomcat initialized with port(s): 8080 (http)
2022-03-31 08:33:00,576 INFO DirectJDKLog [main] Initializing ProtocolHandler ["http-nio-8080"]
2022-03-31 08:33:00,577 INFO DirectJDKLog [main] Starting service [Tomcat]
2022-03-31 08:33:00,578 INFO DirectJDKLog [main] Starting Servlet engine: [Apache Tomcat/9.0.58]
2022-03-31 08:33:00,659 INFO DirectJDKLog [main] Initializing Spring embedded WebApplicationContext
2022-03-31 08:33:00,660 INFO ServletWebServerApplicationContext [main] Root WebApplicationContext: initialization completed in 1543 ms
2022-03-31 08:33:01,025 DEBUG RequestMappingHandlerAdapter [main] ControllerAdvice beans: 0 @ModelAttribute, 0 @InitBinder, 1 RequestBodyAdvice, 1 ResponseBodyAdvice
2022-03-31 08:33:01,090 DEBUG AbstractHandlerMethodMapping [main] 7 mappings in 'requestMappingHandlerMapping'
2022-03-31 08:33:01,118 DEBUG SimpleUrlHandlerMapping [main] Patterns [/webjars/**, /**] in 'resourceHandlerMapping'
2022-03-31 08:33:01,127 DEBUG ExceptionHandlerExceptionResolver [main] ControllerAdvice beans: 0 @ExceptionHandler, 1 ResponseBodyAdvice
2022-03-31 08:33:01,275 INFO EndpointLinksResolver [main] Exposing 1 endpoint(s) beneath base path '/actuator'
2022-03-31 08:33:01,310 INFO DirectJDKLog [main] Starting ProtocolHandler ["http-nio-8080"]
2022-03-31 08:33:01,359 INFO TomcatWebServer [main] Tomcat started on port(s): 8080 (http) with context path ''
2022-03-31 08:33:01,380 INFO StartupInfoLogger [main] Started HardwareAppApplication in 2.963 seconds (JVM running for 5.812)
2022-03-31 08:33:11,383 INFO DirectJDKLog [http-nio-8080-exec-2] Initializing Spring DispatcherServlet 'dispatcherServlet'
2022-03-31 08:33:11,383 INFO FrameworkServlet [http-nio-8080-exec-2] Initializing Servlet 'dispatcherServlet'
2022-03-31 08:33:11,384 DEBUG DispatcherServlet [http-nio-8080-exec-2] Detected StandardServletMultipartResolver
2022-03-31 08:33:11,384 DEBUG DispatcherServlet [http-nio-8080-exec-2] Detected AcceptHeaderLocaleResolver
2022-03-31 08:33:11,384 DEBUG DispatcherServlet [http-nio-8080-exec-2] Detected FixedThemeResolver
2022-03-31 08:33:11,385 DEBUG DispatcherServlet [http-nio-8080-exec-2] Detected org.springframework.web.servlet.view.DefaultRequestToViewNameTranslator@32a98ab8
2022-03-31 08:33:11,386 DEBUG DispatcherServlet [http-nio-8080-exec-2] Detected org.springframework.web.servlet.support.SessionFlashMapManager@38b05c7
2022-03-31 08:33:11,386 DEBUG FrameworkServlet [http-nio-8080-exec-2] enableLoggingRequestDetails='false': request parameters and headers will be masked to prevent unsafe logging of potentially sensitive data
2022-03-31 08:33:11,387 INFO FrameworkServlet [http-nio-8080-exec-2] Completed initialization in 4 ms
2022-03-31 08:33:11,404 DEBUG LogFormatUtils [http-nio-8080-exec-2] GET "/hardware", parameters={}
2022-03-31 08:33:11,416 DEBUG AbstractHandlerMapping [http-nio-8080-exec-2] Mapped to hr.tvz.bekavac.hardwareapp.controller.HardwareController#getAllHardware()
2022-03-31 08:33:11,441 DEBUG AbstractMessageConverterMethodProcessor [http-nio-8080-exec-2] Using 'application/json', given [*/*] and supported [application/json, application/*+json, application/json, application/*+json]
2022-03-31 08:33:11,443 DEBUG LogFormatUtils [http-nio-8080-exec-2] Writing [[hr.tvz.bekavac.hardwareapp.dto.HardwareDTO@40f23a65, hr.tvz.bekavac.hardwareapp.dto.HardwareDTO@46c (truncated)...]
2022-03-31 08:33:11,493 DEBUG FrameworkServlet [http-nio-8080-exec-2] Completed 200 OK
2022-03-31 08:33:11,518 INFO SpringActuatorConfiguration$1 [http-nio-8080-exec-2] {"timestamp":1648708391.400384500,"principal":null,"session":null,"request":{"method":"GET","uri":"http://localhost:8080/hardware","headers":{"postman-token":["b3df7051-5797-4d06-a219-2381c5fd0a1c"],"host":["localhost:8080"],"connection":["keep-alive"],"accept-encoding":["gzip, deflate, br"],"user-agent":["PostmanRuntime/7.29.0"],"accept":["*/*"]},"remoteAddress":null},"response":{"status":200,"headers":{"Transfer-Encoding":["chunked"],"Keep-Alive":["timeout=60"],"Connection":["keep-alive"],"Date":["Thu, 31 Mar 2022 06:33:11 GMT"],"Content-Type":["application/json"]}},"timeTaken":96}
2022-03-31 08:33:26,280 DEBUG LogFormatUtils [http-nio-8080-exec-3] GET "/hardware/385-C-P-U", parameters={}
2022-03-31 08:33:26,282 DEBUG AbstractHandlerMapping [http-nio-8080-exec-3] Mapped to hr.tvz.bekavac.hardwareapp.controller.HardwareController#getByCode(String)
2022-03-31 08:33:26,291 INFO HardwareRepositoryImpl [http-nio-8080-exec-3] Finding hardware with code '385-C-P-U' 
2022-03-31 08:33:26,296 DEBUG AbstractMessageConverterMethodProcessor [http-nio-8080-exec-3] Using 'application/json', given [*/*] and supported [application/json, application/*+json, application/json, application/*+json]
2022-03-31 08:33:26,297 DEBUG LogFormatUtils [http-nio-8080-exec-3] Writing [hr.tvz.bekavac.hardwareapp.dto.HardwareDTO@76a391ac]
2022-03-31 08:33:26,299 DEBUG FrameworkServlet [http-nio-8080-exec-3] Completed 200 OK
2022-03-31 08:33:26,301 INFO SpringActuatorConfiguration$1 [http-nio-8080-exec-3] {"timestamp":1648708406.280894500,"principal":null,"session":null,"request":{"method":"GET","uri":"http://localhost:8080/hardware/385-C-P-U","headers":{"postman-token":["13a010d6-8b8c-4e99-b39d-81578ac8cea2"],"host":["localhost:8080"],"connection":["keep-alive"],"accept-encoding":["gzip, deflate, br"],"user-agent":["PostmanRuntime/7.29.0"],"accept":["*/*"]},"remoteAddress":null},"response":{"status":200,"headers":{"Transfer-Encoding":["chunked"],"Keep-Alive":["timeout=60"],"Connection":["keep-alive"],"Date":["Thu, 31 Mar 2022 06:33:26 GMT"],"Content-Type":["application/json"]}},"timeTaken":19}
2022-03-31 08:35:10,159 INFO o.s.boot.StartupInfoLogger [main] Starting HardwareAppApplication using Java 17.0.1 on DESKTOP-BEMQGGH with PID 15316 (C:\Users\Korisnik\Desktop\3 godina\Web aplikacije u Javi\labosi\projekt\target\classes started by Korisnik in C:\Users\Korisnik\Desktop\3 godina\Web aplikacije u Javi\labosi\projekt)
2022-03-31 08:35:10,159 INFO o.h.validator.internal.util.Version [background-preinit] HV000001: Hibernate Validator 6.2.2.Final
2022-03-31 08:35:10,175 INFO o.s.boot.SpringApplication [main] No active profile set, falling back to 1 default profile: "default"
2022-03-31 08:35:12,040 INFO o.s.b.w.e.tomcat.TomcatWebServer [main] Tomcat initialized with port(s): 8080 (http)
2022-03-31 08:35:12,049 INFO org.apache.juli.logging.DirectJDKLog [main] Initializing ProtocolHandler ["http-nio-8080"]
2022-03-31 08:35:12,050 INFO org.apache.juli.logging.DirectJDKLog [main] Starting service [Tomcat]
2022-03-31 08:35:12,050 INFO org.apache.juli.logging.DirectJDKLog [main] Starting Servlet engine: [Apache Tomcat/9.0.58]
2022-03-31 08:35:12,132 INFO org.apache.juli.logging.DirectJDKLog [main] Initializing Spring embedded WebApplicationContext
2022-03-31 08:35:12,133 INFO o.s.b.w.s.c.ServletWebServerApplicationContext [main] Root WebApplicationContext: initialization completed in 1868 ms
2022-03-31 08:35:12,690 DEBUG o.s.w.s.m.m.a.RequestMappingHandlerAdapter [main] ControllerAdvice beans: 0 @ModelAttribute, 0 @InitBinder, 1 RequestBodyAdvice, 1 ResponseBodyAdvice
2022-03-31 08:35:12,774 DEBUG o.s.w.s.h.AbstractHandlerMethodMapping [main] 7 mappings in 'requestMappingHandlerMapping'
2022-03-31 08:35:12,816 DEBUG o.s.w.s.h.SimpleUrlHandlerMapping [main] Patterns [/webjars/**, /**] in 'resourceHandlerMapping'
2022-03-31 08:35:12,827 DEBUG o.s.w.s.m.m.a.ExceptionHandlerExceptionResolver [main] ControllerAdvice beans: 0 @ExceptionHandler, 1 ResponseBodyAdvice
2022-03-31 08:35:13,032 INFO o.s.b.a.e.web.EndpointLinksResolver [main] Exposing 1 endpoint(s) beneath base path '/actuator'
2022-03-31 08:35:13,065 INFO org.apache.juli.logging.DirectJDKLog [main] Starting ProtocolHandler ["http-nio-8080"]
2022-03-31 08:35:13,113 INFO o.s.b.w.e.tomcat.TomcatWebServer [main] Tomcat started on port(s): 8080 (http) with context path ''
2022-03-31 08:35:13,160 INFO o.s.boot.StartupInfoLogger [main] Started HardwareAppApplication in 3.762 seconds (JVM running for 5.972)
2022-03-31 08:35:30,772 INFO org.apache.juli.logging.DirectJDKLog [http-nio-8080-exec-2] Initializing Spring DispatcherServlet 'dispatcherServlet'
2022-03-31 08:35:30,772 INFO o.s.web.servlet.FrameworkServlet [http-nio-8080-exec-2] Initializing Servlet 'dispatcherServlet'
2022-03-31 08:35:30,773 DEBUG o.s.web.servlet.DispatcherServlet [http-nio-8080-exec-2] Detected StandardServletMultipartResolver
2022-03-31 08:35:30,774 DEBUG o.s.web.servlet.DispatcherServlet [http-nio-8080-exec-2] Detected AcceptHeaderLocaleResolver
2022-03-31 08:35:30,774 DEBUG o.s.web.servlet.DispatcherServlet [http-nio-8080-exec-2] Detected FixedThemeResolver
2022-03-31 08:35:30,775 DEBUG o.s.web.servlet.DispatcherServlet [http-nio-8080-exec-2] Detected org.springframework.web.servlet.view.DefaultRequestToViewNameTranslator@67c49643
2022-03-31 08:35:30,776 DEBUG o.s.web.servlet.DispatcherServlet [http-nio-8080-exec-2] Detected org.springframework.web.servlet.support.SessionFlashMapManager@17368984
2022-03-31 08:35:30,776 DEBUG o.s.web.servlet.FrameworkServlet [http-nio-8080-exec-2] enableLoggingRequestDetails='false': request parameters and headers will be masked to prevent unsafe logging of potentially sensitive data
2022-03-31 08:35:30,777 INFO o.s.web.servlet.FrameworkServlet [http-nio-8080-exec-2] Completed initialization in 4 ms
2022-03-31 08:35:30,790 DEBUG o.s.core.log.LogFormatUtils [http-nio-8080-exec-2] GET "/hardware/385-C-P-U", parameters={}
2022-03-31 08:35:30,797 DEBUG o.s.w.s.h.AbstractHandlerMapping [http-nio-8080-exec-2] Mapped to hr.tvz.bekavac.hardwareapp.controller.HardwareController#getByCode(String)
2022-03-31 08:35:30,815 INFO h.t.b.h.impl.HardwareRepositoryImpl [http-nio-8080-exec-2] Finding hardware with code '385-C-P-U' 
2022-03-31 08:35:30,859 DEBUG o.s.w.s.m.m.a.AbstractMessageConverterMethodProcessor [http-nio-8080-exec-2] Using 'application/json', given [*/*] and supported [application/json, application/*+json, application/json, application/*+json]
2022-03-31 08:35:30,860 DEBUG o.s.core.log.LogFormatUtils [http-nio-8080-exec-2] Writing [hr.tvz.bekavac.hardwareapp.dto.HardwareDTO@629531c6]
2022-03-31 08:35:30,878 DEBUG o.s.web.servlet.FrameworkServlet [http-nio-8080-exec-2] Completed 200 OK
2022-03-31 08:35:30,903 INFO h.t.b.h.f.SpringActuatorConfiguration$1 [http-nio-8080-exec-2] {"timestamp":1648708530.786729900,"principal":null,"session":null,"request":{"method":"GET","uri":"http://localhost:8080/hardware/385-C-P-U","headers":{"postman-token":["aeb764e4-6c4b-44a5-b098-2ca4625793b2"],"host":["localhost:8080"],"connection":["keep-alive"],"accept-encoding":["gzip, deflate, br"],"user-agent":["PostmanRuntime/7.29.0"],"accept":["*/*"]},"remoteAddress":null},"response":{"status":200,"headers":{"Transfer-Encoding":["chunked"],"Keep-Alive":["timeout=60"],"Connection":["keep-alive"],"Date":["Thu, 31 Mar 2022 06:35:30 GMT"],"Content-Type":["application/json"]}},"timeTaken":96}
2022-03-31 10:14:55,726 INFO o.h.validator.internal.util.Version [background-preinit] HV000001: Hibernate Validator 6.2.2.Final
2022-03-31 10:14:55,724 INFO o.s.boot.StartupInfoLogger [main] Starting HardwareAppApplication using Java 17.0.1 on DESKTOP-BEMQGGH with PID 10808 (C:\Users\Korisnik\Desktop\3 godina\Web aplikacije u Javi\labosi\projekt\target\classes started by Korisnik in C:\Users\Korisnik\Desktop\3 godina\Web aplikacije u Javi\labosi\projekt)
2022-03-31 10:14:55,732 INFO o.s.boot.SpringApplication [main] No active profile set, falling back to 1 default profile: "default"
2022-03-31 10:14:57,860 INFO o.s.b.w.e.tomcat.TomcatWebServer [main] Tomcat initialized with port(s): 8080 (http)
2022-03-31 10:14:57,873 INFO org.apache.juli.logging.DirectJDKLog [main] Initializing ProtocolHandler ["http-nio-8080"]
2022-03-31 10:14:57,874 INFO org.apache.juli.logging.DirectJDKLog [main] Starting service [Tomcat]
2022-03-31 10:14:57,875 INFO org.apache.juli.logging.DirectJDKLog [main] Starting Servlet engine: [Apache Tomcat/9.0.58]
2022-03-31 10:14:57,967 INFO org.apache.juli.logging.DirectJDKLog [main] Initializing Spring embedded WebApplicationContext
2022-03-31 10:14:57,968 INFO o.s.b.w.s.c.ServletWebServerApplicationContext [main] Root WebApplicationContext: initialization completed in 2017 ms
2022-03-31 10:14:58,418 DEBUG o.s.w.s.m.m.a.RequestMappingHandlerAdapter [main] ControllerAdvice beans: 0 @ModelAttribute, 0 @InitBinder, 1 RequestBodyAdvice, 1 ResponseBodyAdvice
2022-03-31 10:14:58,524 DEBUG o.s.w.s.h.AbstractHandlerMethodMapping [main] 7 mappings in 'requestMappingHandlerMapping'
2022-03-31 10:14:58,561 DEBUG o.s.w.s.h.SimpleUrlHandlerMapping [main] Patterns [/webjars/**, /**] in 'resourceHandlerMapping'
2022-03-31 10:14:58,571 DEBUG o.s.w.s.m.m.a.ExceptionHandlerExceptionResolver [main] ControllerAdvice beans: 0 @ExceptionHandler, 1 ResponseBodyAdvice
2022-03-31 10:14:58,742 INFO o.s.b.a.e.web.EndpointLinksResolver [main] Exposing 1 endpoint(s) beneath base path '/actuator'
2022-03-31 10:14:58,776 INFO org.apache.juli.logging.DirectJDKLog [main] Starting ProtocolHandler ["http-nio-8080"]
2022-03-31 10:14:58,839 INFO o.s.b.w.e.tomcat.TomcatWebServer [main] Tomcat started on port(s): 8080 (http) with context path ''
2022-03-31 10:14:58,864 INFO o.s.boot.StartupInfoLogger [main] Started HardwareAppApplication in 4.419 seconds (JVM running for 7.77)
2022-03-31 10:15:05,728 INFO org.apache.juli.logging.DirectJDKLog [http-nio-8080-exec-1] Initializing Spring DispatcherServlet 'dispatcherServlet'
2022-03-31 10:15:05,729 INFO o.s.web.servlet.FrameworkServlet [http-nio-8080-exec-1] Initializing Servlet 'dispatcherServlet'
2022-03-31 10:15:05,730 DEBUG o.s.web.servlet.DispatcherServlet [http-nio-8080-exec-1] Detected StandardServletMultipartResolver
2022-03-31 10:15:05,730 DEBUG o.s.web.servlet.DispatcherServlet [http-nio-8080-exec-1] Detected AcceptHeaderLocaleResolver
2022-03-31 10:15:05,730 DEBUG o.s.web.servlet.DispatcherServlet [http-nio-8080-exec-1] Detected FixedThemeResolver
2022-03-31 10:15:05,731 DEBUG o.s.web.servlet.DispatcherServlet [http-nio-8080-exec-1] Detected org.springframework.web.servlet.view.DefaultRequestToViewNameTranslator@472de120
2022-03-31 10:15:05,732 DEBUG o.s.web.servlet.DispatcherServlet [http-nio-8080-exec-1] Detected org.springframework.web.servlet.support.SessionFlashMapManager@2c39a0c8
2022-03-31 10:15:05,733 DEBUG o.s.web.servlet.FrameworkServlet [http-nio-8080-exec-1] enableLoggingRequestDetails='false': request parameters and headers will be masked to prevent unsafe logging of potentially sensitive data
2022-03-31 10:15:05,733 INFO o.s.web.servlet.FrameworkServlet [http-nio-8080-exec-1] Completed initialization in 3 ms
2022-03-31 10:15:05,748 DEBUG o.s.core.log.LogFormatUtils [http-nio-8080-exec-1] GET "/hardware/385-C-P-U", parameters={}
2022-03-31 10:15:05,759 DEBUG o.s.w.s.h.AbstractHandlerMapping [http-nio-8080-exec-1] Mapped to hr.tvz.bekavac.hardwareapp.controller.HardwareController#getByCode(String)
2022-03-31 10:15:05,777 INFO h.t.b.h.impl.HardwareRepositoryImpl [http-nio-8080-exec-1] Finding hardware with code '385-C-P-U' 
2022-03-31 10:15:05,825 DEBUG o.s.w.s.m.m.a.AbstractMessageConverterMethodProcessor [http-nio-8080-exec-1] Using 'application/json;q=0.8', given [text/html, application/xhtml+xml, image/avif, image/webp, image/apng, application/xml;q=0.9, application/signed-exchange;v=b3;q=0.9, */*;q=0.8] and supported [application/json, application/*+json, application/json, application/*+json]
2022-03-31 10:15:05,827 DEBUG o.s.core.log.LogFormatUtils [http-nio-8080-exec-1] Writing [hr.tvz.bekavac.hardwareapp.dto.HardwareDTO@91815b2]
2022-03-31 10:15:05,852 DEBUG o.s.web.servlet.FrameworkServlet [http-nio-8080-exec-1] Completed 200 OK
2022-03-31 10:15:05,921 INFO h.t.b.h.f.SpringActuatorConfiguration$1 [http-nio-8080-exec-1] {"timestamp":1648714505.745242300,"principal":null,"session":null,"request":{"method":"GET","uri":"http://localhost:8080/hardware/385-C-P-U","headers":{"sec-fetch-mode":["navigate"],"sec-fetch-site":["none"],"accept-language":["en-US,en-GB;q=0.9,en;q=0.8,hr-HR;q=0.7,hr;q=0.6,ru-RU;q=0.5,ru;q=0.4,sv-SE;q=0.3,sv;q=0.2"],"sec-fetch-user":["?1"],"accept":["text/html,application/xhtml+xml,application/xml;q=0.9,image/avif,image/webp,image/apng,*/*;q=0.8,application/signed-exchange;v=b3;q=0.9"],"sec-ch-ua":["\" Not A;Brand\";v=\"99\", \"Chromium\";v=\"99\", \"Google Chrome\";v=\"99\""],"sec-ch-ua-mobile":["?0"],"sec-ch-ua-platform":["\"Windows\""],"host":["localhost:8080"],"upgrade-insecure-requests":["1"],"connection":["keep-alive"],"accept-encoding":["gzip, deflate, br"],"user-agent":["Mozilla/5.0 (Windows NT 10.0; Win64; x64) AppleWebKit/537.36 (KHTML, like Gecko) Chrome/99.0.4844.82 Safari/537.36"],"sec-fetch-dest":["document"]},"remoteAddress":null},"response":{"status":200,"headers":{"Transfer-Encoding":["chunked"],"Keep-Alive":["timeout=60"],"Connection":["keep-alive"],"Date":["Thu, 31 Mar 2022 08:15:05 GMT"],"Content-Type":["application/json"]}},"timeTaken":112}
2022-03-31 10:15:06,073 DEBUG o.s.core.log.LogFormatUtils [http-nio-8080-exec-2] GET "/favicon.ico", parameters={}
2022-03-31 10:15:06,082 DEBUG o.s.w.s.h.AbstractHandlerMapping [http-nio-8080-exec-2] Mapped to ResourceHttpRequestHandler [classpath [META-INF/resources/], classpath [resources/], classpath [static/], classpath [public/], ServletContext [/]]
2022-03-31 10:15:06,086 DEBUG o.s.w.s.r.ResourceHttpRequestHandler [http-nio-8080-exec-2] Resource not found
2022-03-31 10:15:06,087 DEBUG o.s.web.servlet.FrameworkServlet [http-nio-8080-exec-2] Completed 404 NOT_FOUND
2022-03-31 10:15:06,088 INFO h.t.b.h.f.SpringActuatorConfiguration$1 [http-nio-8080-exec-2] {"timestamp":1648714506.072126700,"principal":null,"session":null,"request":{"method":"GET","uri":"http://localhost:8080/favicon.ico","headers":{"sec-fetch-mode":["no-cors"],"referer":["http://localhost:8080/hardware/385-C-P-U"],"sec-fetch-site":["same-origin"],"accept-language":["en-US,en-GB;q=0.9,en;q=0.8,hr-HR;q=0.7,hr;q=0.6,ru-RU;q=0.5,ru;q=0.4,sv-SE;q=0.3,sv;q=0.2"],"accept":["image/avif,image/webp,image/apng,image/svg+xml,image/*,*/*;q=0.8"],"sec-ch-ua":["\" Not A;Brand\";v=\"99\", \"Chromium\";v=\"99\", \"Google Chrome\";v=\"99\""],"sec-ch-ua-mobile":["?0"],"sec-ch-ua-platform":["\"Windows\""],"host":["localhost:8080"],"connection":["keep-alive"],"accept-encoding":["gzip, deflate, br"],"user-agent":["Mozilla/5.0 (Windows NT 10.0; Win64; x64) AppleWebKit/537.36 (KHTML, like Gecko) Chrome/99.0.4844.82 Safari/537.36"],"sec-fetch-dest":["image"]},"remoteAddress":null},"response":{"status":404,"headers":{"Vary":["Origin","Access-Control-Request-Method","Access-Control-Request-Headers"]}},"timeTaken":14}
2022-03-31 10:15:06,096 DEBUG o.s.core.log.LogFormatUtils [http-nio-8080-exec-2] "ERROR" dispatch for GET "/error", parameters={}
2022-03-31 10:15:06,103 DEBUG o.s.w.s.h.AbstractHandlerMapping [http-nio-8080-exec-2] Mapped to org.springframework.boot.autoconfigure.web.servlet.error.BasicErrorController#error(HttpServletRequest)
2022-03-31 10:15:06,110 DEBUG o.s.w.s.m.m.a.AbstractMessageConverterMethodProcessor [http-nio-8080-exec-2] Using 'application/json;q=0.8', given [image/avif, image/webp, image/apng, image/svg+xml, image/*, */*;q=0.8] and supported [application/json, application/*+json, application/json, application/*+json]
2022-03-31 10:15:06,111 DEBUG o.s.core.log.LogFormatUtils [http-nio-8080-exec-2] Writing [{timestamp=Thu Mar 31 10:15:06 CEST 2022, status=404, error=Not Found, message=No message available, (truncated)...]
2022-03-31 10:15:06,137 DEBUG o.s.web.servlet.FrameworkServlet [http-nio-8080-exec-2] Exiting from "ERROR" dispatch, status 404
